<?xml version="1.0" encoding="UTF-8"?>
<!-- Generated by org.testng.reporters.JUnitReportReporter -->
<testsuite hostname="LAPTOP-VNBA3OG5" failures="0" tests="1" name="ToolTip._ToolTip.PrintTooltipText" time="0.521" errors="0" timestamp="2021-09-20T22:52:15 CDT" skipped="0">
  <testcase classname="ToolTip._ToolTip.PrintTooltipText" name="checktooltipPrinted" time="0.521"/>
  <system-out/>
</testsuite> <!-- ToolTip._ToolTip.PrintTooltipText -->
